[    .0000 Linux veron 4150-2-geneic (buildd@gw1-amd64-039) gcc vrsion 7.3.0 (Ubuntu 7.3.0-16ubuntu3)) #35-Ubunt SMP Fi ug 107:58:7 TC 2018 (Ubuntu 4.15.0-32.35-generic 4.15.18)[  0.000000Commandine:BOT_IMAGE=/boot/vmlinuz-4.15.0-32-generic root=UUID=e6814acd-24bf-4981-89ca-242dc8185ee9 ro console=tty1 console=ttyS0
[    0.000000] KERNEL supported cpus:
[    0.000000]   Intel GenuineIntel
[    0.000000]   AMD AuthenticAM
[  000000]  Centar entaurHauls
[    0.000000] x86/fpu: Supporting XSAVE feature 0x001: 'x87 floating point registers'
[    0.000000] x86/fpu: Supprtng XSVEfetue 0x002: 'SSE registers'
[  0.00000] x86/fpu: Supporting XSAVE feature 0x004: 'AVX registers'
[    0.000000] x86/fpu: xstate_offset[2]:  576, xstate_sizes[2]:  256
[    0.000000] x86/fpu:Enabled xstate features 0x7, context sie is 32 bes, using 'standard' format.
[    0.000000] e820: BIOS-provided physical RAM map:
[    0.000000] BIOS-e820: [mem 0x00000000000000-0x000000000009fbff] usable
[    0.000000] BIOS-e820: [mem 0x000000000009fc00-0x000000000009ffff] reserved
[    0.000000] BIOS-e820: [mem 0x000000000f0000-0x0000000000ffff] resved
[    0.000000] BIOS-e820: [mem 0x00000000100000-0x000000003ffeffff] usable
[    0.000000] BIOS-e820: [mem 0x000000003fff0000-0x000000003fffffff] ACPPI data
[    0.000000] BIOS-e820: [mem 0x00000000fec00000-0x00000000fec00ff]resrved
[   0.0000] BI-e820: [mem 0x00000000fee00000-0x00000000fee00ff]reerd
[  0000000 BOSe8: [mm 0x000000ffc0000-0000000ffffffff] reseerved
[   .00000] NX (xecue isable) otecon: aive
   0.0000] SBIS 2.5prsent.
[  0.0000] MI: inoek GH irtuaBo/VitulBox, BIOSVitualBo 1/01/206
[  0.0000] Hyprvisor detected:KV
[    0.000000] e820: last_pfn = 0x3fff0 max_arch_pfn = 0x400000000
[    0.000000] MR: Disabled
[    000000] x86/PAT: MTRRs disabled, skipping PAT initialization too.
[    0.000000 CU MTRR al blank virtlized system.
[   .000000] x86/PAT: Configuration [0-7]: WB  WT  UC- UC  WB  WT  UC- UC  
[    0.000000] found SMP MP-table at [em0x0009fff0x000fff] mapped at [        (ptrval)]
[    0.000000] Scanning 1 areas for low memory corruption
[   0.0000 RMDSK [mem0x59d00-0x36ce5ff
[   .000000] ACPI: Early table checksum verification disabled
[    0.000000] ACPI: RSDP 0x00000000000E0000 000024 (v02 VBOX  )
[    0.000000] ACPI: XSDT 0x000000003FFF0030 00003C (v01 VBOX   VBOXXSDT 00000001 ASL  00000061)
[    0.000000] ACPI: FACP 0x000000003FFF00F0 0000F4 (v04 VBOX   VBOXFACP 00000001 ASL  00000061)
[    0.000000] ACPI: DSDT 0x000000003FFF0470 0021FF (v02 VBOX   VBOXBIOS 00000002 INTL 20100528)
[    0.000000] ACPI: FACS 0x000000003FFF0200 000040
[    0.000000] ACPI: FAS 0x000000003FFF0200 000040
[   0.00000] ACPI: APC 0x000003FF024 0005C(v2 VBOX  BOAPC 000000 AS  0000061)
[   0.0000] AC: SDT 0x0000003FF0A0 00C (v01VBX  VBOCPUT 000002 IN 20100528)
[    0.000000] No NUMA confiurtion found
[   0.00000] Faking a odeat[m 0x00000000000000x0000003ffeff]
[  0.0000] NDEDATA(0allocate[mem 03ffc500-0x3fefff][    0.000] km-lock: cu , msr 03f44001,prmary cp cock
   0.00000] km-lok:Usingsrs 4b564d01 and 4b564d00
[    0.000000] kvm-clock: using sched offset of 6957456265 cycles
[    0.000000] clocksource: kvm-clock: mask: 0xffffffffffffffff max_cycles: 0x1cd42e4dffb, max_idle_ns: 881590591483 ns
   00000] on ranes
[    .00000  DMA     [mm 0x00000000001000-0x0000000000ffffff]
[   .0000]   DMA32   mem 0000000100000-x000003feff
   0.00000]  Normal  epty
   0.00000]  Device   ety
[    0.0000] Movae zone start for each node
[    0.000000] Early memory node ranges
[    0.000000]   node  0: [mem 0x00000000000000-0x00000000009efff]
    000000] node   0: [mm x00000000000000-0000003fefff]
[    0.0000] Intmm setup node 0 [mem 0x0000000000001000-0x000000003ffeffff]
[    0.000000] Reserve but unvaille: 98 pes
[  0.0000 ACP: M-Time I Port:0x008
[   .0000] IOAP[0: apc_d 2, erion 32, ddess 0ec00000,SI 0-23
[   0.0000] ACPI: NT_RCOVR (bs 0 busirq 0 global_irq 2 dfl dfl)
[    0.000000] ACPI: INT_SRC_OVR (bus 0 bus_irq 9 global_irq 9 low evel)
[    0.000000 Uing ACI MAT) for SMP configration information
[    0.000000] smpboot: Allowin2 CPUs, 0 hotplug CPUs
[    0.000000] PM: Registered nosave memory: [mem 0x00000000-0x00000fff]
[    0.000000] PM: Registered nosave memory: [mem 0x0009f000-0x0009ffff]
[    0.000000] M: Regiteredosavemeory[mem 0x000a0000-0x000effff]
[    0.000000] P Registered save memory: [mem 0x000f0000-0x000fffff]
[   0.0000 e20: [mem 0x40000000-0xfebfffff] available for PCI devices
[    0.000000] Booting paravirtualized kernel on KVM
[    0.000000] clocksource: refined-jiffies: mask: 0xffffffff max_cycles: 0xfffffff,maxdle_ns 76455196021568ns
[  0.00000] anom: get_random_byts calle from start_kernel+0x99/0x4fd with crng_init=0
[    0.000000] setup_percpu: NR_CPUS:8192 nr_cpumask_bits:2 nr_cpu_ids:2 nr_node_ids:1
[    0.000000] percpu: Embedded 46 pages/cpu @        (ptrval) s151552 r819 d2867 u048576
[  0.0000] V qspinlock hash table entries: 256 (order: 0, 96 bytes)
[    0.000000] Built 1 zonests, moiltygroupngon.Toal pags:257913
[  0.0000] Poli zone D32
[    000000]Kenelcomand lineBOOT_AGE=/botvmlinz-4.5.-32-geric root=UUID=e6814acd-24bf-4981-89ca-242dc8185ee9 ro console=tty1 console=ttyS0
[    0.000000] Memory: 983092K/1048120K available (12300K kernel code, 2470K rwdata, 4244K rodata, 2408K init, 2416K bs 65028K resered 0K c-reserved)
[    0.000000] SLUB: HWalign=64, Order=0-3, MinObjects=0, CPUs=2, Nodes=1
[    0.000000] Kernel/User page tables isolation: enabled
[    0.000000] ftrace: allocating 39116 entries in 153 pages
[    0.004000] Hierarchical RCU implementation.
[    0.004000] 	RCU restricting CPUs from NR_CPUS=8192 o r_puids=2
   0.0000] 	sk RCU enabled.
[    0.004000] RCU: Adjusting geometry for rcu_fanout_leaf=16, nr_cpu_ids=2
[    0.004000] NR_IRQS: 524544, nr_irqs: 440, prealloted irqs: 16
[  000400] onse: colouVGA+ 0x5[   0.0400 console [tty1] enabled
[    0.004000] console [ttyS0] enabled
[    0.00000] ACPICore revisin 2010831
   0.0000] AC: 2 AI AML tabls sccessll acquiedan laded
[   0.004000] APIC: Switch to symmetric I/O mode setup
[    0.004287] x2apic enabled
[    0.008008] Switched APIC routing to physical x2apic.
[    0.013112] ..TIMER: vector=0x30 apic1=0 pin1=2 apic2=-1 pin2=-1
[    0.016007] tsc: Detected 1299.999 MHz processor
[    0.020013] Calibrating delay loop (skipped) preset value.. 2599.99 BogoMIPS (lpj=5199996)
[    0.024009] pid_max: default: 32768 minimum: 301
[    0.028066] Security Framework initialized
[    0.032008] Yama: becoming mindful.
[    0.036060] AppArmor: AppArmor initialized
[    0.042224] Dentry cache hash table entries: 131072 (order: 8, 1048576 bytes)
[    0.044350] Inode-cache hash table entries: 65536 (order: 7, 524288 bytes)
[    0.048033] Mount-cache hash table entries: 2048 (order: 2, 16384 bytes)
[    0.052059] Mountpoint-cache hash table entries: 2048 (order: 2, 16384 bytes)
[    0.057648] mce: CPU supports 0 MCE banks
[    0.060170] Last level iTLB entries: 4KB 64, 2MB 8, 4MB 8
[    0.064009] Last level dTLB entries: 4KB 64, 2MB 0, 4MB 0, 1GB 4
[    0.066015] Spectre V2 : Mitigation: Full generic retpoline
[    0.068002] Speculative Store Bypass: Vulnerable
[    0.072201] Freeing SMP alternatives memory: 36K
[    0.080000] smpboot: CPU0: Intel(R) Core(TM) M-5Y71 CPU @ 1.20GHz (family: 0x6, model: 0x3d, stepping: 0x4)
[    0.080108] Performance Events: unsupported p6 CPU model 61 no PMU driver, software events only.
[    0.084104] Hierarchical SRCU implementation.
[    0.089052] NMI watchdog: Perf event create on CPU 0 failed with -2
[    0.092010] NMI watchdog: Perf NMI watchdog permanently disabled
[    0.096097] smp: Bringing up secondary CPUs ...
[    0.100167] x86: Booting SMP configuration:
[    0.104013] .... node  #0, CPUs:      #1
[    0.004000] kvm-clock: cpu 1, msr 0:3ff44041, secondary cpu clock
[    0.004000] mce: CPU supports 0 MCE banks
[    0.168078] smp: Brought up 1 node, 2 CPUs
[    0.172015] smpboot: Max logical packages: 1
[    0.176009] smpboot: Total of 2 processors activated (5199.99 BogoMIPS)
[    0.184009] devtmpfs: initialized
[    0.188119] x86/mm: Memory block size: 128MB
[    0.192292] evm: security.selinux
[    0.196012] evm: security.SMACK64
[    0.200008] evm: security.SMACK64EXEC
[    0.204010] evm: security.SMACK64TRANSMUTE
[    0.208008] evm: security.SMACK64MMAP
[    0.212010] evm: security.apparmor
[    0.216007] evm: security.ima
[    0.220013] evm: security.capability
[    0.224424] clocksource: jiffies: mask: 0xffffffff max_cycles: 0xffffffff, max_idle_ns: 7645041785100000 ns
[    0.228032] futex hash table entries: 512 (order: 3, 32768 bytes)
[    0.232408] pinctrl core: initialized pinctrl subsystem
[    0.240583] RTC time:  8:14:16, date: 08/20/18
[    0.244847] NET: Registered protocol family 16
[    0.248498] audit: initializing netlink subsys (disabled)
[    0.252062] audit: type=2000 audit(1534752848.193:1): state=initialized audit_enabled=0 res=1
[    0.276105] cpuidle: using governor ladder
[    0.280087] cpuidle: using governor menu
[    0.284179] ACPI: bus type PCI registered
[    0.288009] acpiphp: ACPI Hot Plug PCI Controller Driver version: 0.5
[    0.292196] PCI: Using configuration type 1 for base access
[    0.296063] HugeTLB registered 2.00 MiB page size, pre-allocated 0 pages
[    0.300151] ACPI: Added _OSI(Module Device)
[    0.304016] ACPI: Added _OSI(Processor Device)
[    0.308013] ACPI: Added _OSI(30 _SCP Extensions)
[    0.312007] ACPI: Added _OSI(Processor Aggregator Device)
[    0.316031] ACPI: Added _OSI(Linux-Dell-Video)
[    0.320508] ACPI: Executed 1 blocks of module-level executable AML code
[    0.332623] ACPI: Interpreter enabled
[    0.336039] ACPI: (supports S0 S5)
[    0.340011] ACPI: Using IOAPIC for interrupt routing
[    0.344297] PCI: Using host bridge windows from ACPI; if necessary, use "pci=nocrs" and report a bug
[    0.348286] ACPI: Enabled 2 GPEs in block 00 to 07
[    0.360717] ACPI: PCI Root Bridge [PCI0] (domain 0000 [bus 00-ff])
[    0.364022] acpi PNP0A03:00: _OSC: OS supports [ASPM ClockPM Segments MSI]
[    0.368063] acpi PNP0A03:00: _OSC: not requesting OS control; OS requires [ExtendedConfig ASPM ClockPM MSI]
[    0.372042] acpi PNP0A03:00: fail to add MMCONFIG information, can't access extended PCI configuration space under this bridge.
[    0.376739] PCI host bridge to bus 0000:00
[    0.380041] pci_bus 0000:00: root bus resource [io  0x0000-0x0cf7 window]
[    0.384011] pci_bus 0000:00: root bus resource [io  0x0d00-0xffff window]
[    0.388011] pci_bus 0000:00: root bus resource [mem 0x000a0000-0x000bffff window]
[    0.392012] pci_bus 0000:00: root bus resource [mem 0x40000000-0xfdffffff window]
[    0.396013] pci_bus 0000:00: root bus resource [bus 00-ff]
[    0.406090] pci 0000:00:01.1: legacy IDE quirk: reg 0x10: [io  0x01f0-0x01f7]
[    0.408012] pci 0000:00:01.1: legacy IDE quirk: reg 0x14: [io  0x03f6]
[    0.412009] pci 0000:00:01.1: legacy IDE quirk: reg 0x18: [io  0x0170-0x0177]
[    0.416009] pci 0000:00:01.1: legacy IDE quirk: reg 0x1c: [io  0x0376]
[    0.446610] pci 0000:00:07.0: quirk: [io  0x4000-0x403f] claimed by PIIX4 ACPI
[    0.448038] pci 0000:00:07.0: quirk: [io  0x4100-0x410f] claimed by PIIX4 SMB
[    0.490019] ACPI: PCI Interrupt Link [LNKA] (IRQs 5 9 10 *11)
[    0.492411] ACPI: PCI Interrupt Link [LNKB] (IRQs 5 9 *10 11)
[    0.500164] ACPI: PCI Interrupt Link [LNKC] (IRQs 5 *9 10 11)
[    0.504199] ACPI: PCI Interrupt Link [LNKD] (IRQs 5 9 10 *11)
[    0.508575] SCSI subsystem initialized
[    0.512089] pci 0000:00:02.0: vgaarb: setting as boot VGA device
[    0.516000] pci 0000:00:02.0: vgaarb: VGA device added: decodes=io+mem,owns=io+mem,locks=none
[    0.516012] pci 0000:00:02.0: vgaarb: bridge control possible
[    0.520007] vgaarb: loaded
[    0.524056] ACPI: bus type USB registered
[    0.528053] usbcore: registered new interfacc driver usbfs
[    0.532029] usbcore: registered new interface driver hub
[    0.536050] usbcore: registered new device driver usb
[    0.540118] EDAC MC: Ver: 3.0.0
[    0.544381] PCI: Using ACPI for IRQ routing
[    0.548443] NetLabel: Initializing
[    0.552009] NetLabel:  domain hash size = 128
[    0.556007] NetLabel:  protocols = UNLABELED CIPSOv4 CALIPSO
[    0.560066] NetLabel:  unlabeled traffic allowed by default
[    0.564124] clocksource: Switched to clocksource kvm-clock
[   6531] VF: skuos uo_6.6.0
[  1104]FSDqt-chha tleenie: 12order0,096 bytes)

[    1.895776] AppArmor: AppArmorFisyteEnle
[  2451]npP AI ni
[  2714]np PP API found  dvices

[  2820]loksrc ai_m:as 0ffffaxyces0xff, maide_s:207024ns
[    4.151028] N: egistered protocol fmi 2
[   4.95] CPesabsh hah tablle eri: 92orer4,55 bte)[   5.6702TCbi hh blenies: 8192 (order: 5,131072bys)[  59559TC Hh bl cfire(established 8192 in81)
[    .613 UDP astae tres51 (rd:  184yt)[  7904]DPLi has table ntrie 51(oer2,63 btes)
[  88548NE Rgier ptol mi 1[    773170] ci 0000:00:00.0: Limiting direct PCI/PCI transer
  9.014494] pci 0000:00:01.0: ActivatingISDMA hang wkaous  9.365 p 00::0.0Vio evie itshow R atme0x0c0000-000ff]  10716]npking initramfs...

[  10636Freig nirdemy:942K
[  1.96] atfom c_osrestedlaform RTC devie o P vie un)
[   12.491642] Scaninfolomeryorruptio ery0 cos   13.072996] tsc: Rfined TC ocoue liraio: 30.0 M
[   13.636980] clocksource: tsc: mask: 0xffffffffffffffff max_cycles: 0x12bd1e03272, max_idle_ns: 440795244306 ns
[   13.637829] Initialise system trusted keyrings
[   13.637841] Key type blacklist registered
[   13.637950] workingset: timestamp_bits=36 max_order=18 bucket_order=0
[   13.638972] zbud: loaded
[   13.639503] squashfs: version 4.0 (2009/01/31) Phillip Lougher
[   13.639640] fuse init (API version 7.26)
[   13.640951] Key type asymmetric registered
[   13.640952] Asymmetric key parser 'x509' registered
[   13.641011] Block layer SCSI generic (bsg) driver version 0.4 loaded (major 246)
[   13.641051] io scheduler noop registered
[   13.641052] io scheduler deadline registered
[   13.641130] io scheduler cfq registered (default)
[   14.014769] ACPI: AC Adapter [AC] (on-line)
[   14.040279] input: Power Button as /devices/LNXSYSTM:00/LNXPWRBN:00/input/input0
[   14.193756] ACPI: Power Button [PWRF]
[   14.280590] input: Sleep Button as /devices/LNXSYSTM:00/LNXSLPBN:00/input/input1
[   14.450885] ACPI: Sleep Button [SLPF]
[   14.507267] Serial: 8250/16550 driver, 32 ports, IRQ sharing enabled
[   14.509879] ACPI: Battery Slot [BAT0] (battery present)
[   14.613847] 00:02: ttyS0 at I/O 0x3f8 (irq = 4, base_baud = 115200) is a 16550A
[   14.772487] Linux agpgart interface v0.103
[   14.795402] loop: module loaded
[   14.831548] scsi host0: ata_piix
[   14.843292] scsi host1: ata_piix
[   14.858289] ata1: PATA max UDMA/33 cmd 0x1f0 ctl 0x3f6 bmdma 0xd000 irq 14
[   14.884875] ata2: PATA max UDMA/33 cmd 0x170 ctl 0x376 bmdma 0xd008 irq 15
[   14.931449] libphy: Fixed MDIO Bus: probed
[   14.945182] tun: Universal TUN/TAP device driver, 1.6
[   14.957806] PPP generic driver version 2.4.2
[   14.969421] ehci_hcd: USB 2.0 'Enhanced' Host Controller (EHCI) Driver
[   14.987249] ehci-pci: EHCI PCI platform driver
[   15.016789] ehci-platform: EHCI generic platform driver
[   15.101353] ohci_hcd: USB 1.1 'Open' Host Controller (OHCI) Driver
[   15.103710] ohci-pci: OHCI PCI platform driver
[   15.131441] ohci-platform: OHCI generic platform driver
[   15.204966] uhci_hcd: USB Universal Host Controller Interface driver
[   15.321571] i8042: PNP: PS/2 Controller [PNP0303:PS2K,PNP0f03:PS2M] at 0x60,0x64 irq 1,12
[   15.325239] serio: i8042 KBD port at 0x60,0x64 irq 1
[   15.398321] serio: i8042 AUX port at 0x60,0x64 irq 12
[   15.442567] mousedev: PS/2 mouse device common for all mice
[   15.511086] rtc_cmos rtc_cmos: rtc core: registered rtc_cmos as rtc0
[   15.614394] input: AT Translated Set 2 keyboard as /devices/platform/i8042/serio0/input/input2
[   15.616281] rtc_cmos rtc_cmos: alarms up to one day, 114 bytes nvram
[   15.616298] i2c /dev entries driver
[   15.616372] device-mapper: uevent: version 1.0.3
[   15.616459] device-mapper: ioctl: 4.37.0-ioctl (2017-09-20) initialised: dm-devel@redhat.com
[   15.977227] ledtrig-cpu: registered to indicate activity on CPUs
[   16.002342] NET: Registered protocol family 10
[   16.054011] Segment Routing with IPv6
[   16.061156] NET: Registered protocol family 17
[   16.064586] Key type dns_resolver registered
[   16.071485] RAS: Correctable Errors collector initialized.
[   16.075408] sched_clock: Marking stable (16075298326, 0)->(36288660729, -20213362403)
[   16.080540] registered taskstats version 1
[   16.090891] Loading compiled-in X.509 certificates
[   16.109520] Loaded X.509 cert 'Build time autogenerated kernel key: cfed0c3f90bc86a77e51937f71922b89c4c6bbd5'
[   16.164054] zswap: loaded using pool lzo/zbud
[   16.222121] Key type big_key registered
[   16.288127] Key type trusted registered
[   16.295963] Key type encrypted registered
[   16.299140] AppArmor: AppArmor sha1 policy hashing enabled
[   16.303028] ima: No TPM chip found, activating TPM-bypass! (rc=-19)
[   16.345745] evm: HMAC attrs: 0x1
[   16.372280]   Magic number: 14:529:220
[   16.440418] dmi id: hash matches
[   16.480526] rtc_cmos rtc_cmos: setting system clock to 2018-08-20 08:14:35 UTC (1534752875)
[   16.556430] BIOS EDD facility v0.16 2004-Jun-25, 0 devices found
[   16.586461] EDD information not available.
[   16.603826] Freeing unused kernel memory: 2408K
[   16.644330] Write protecting the kernel read-only data: 20480k
[   16.686570] Freeing unused kernel memory: 2008K
[   16.697937] Freeing unused kernel memory: 1900K
[   16.713498] x86/mm: Checked W+X mappings: passed, no W+X pages found.
[   16.784541] x86/mm: Checking user space page tables
[   16.914015] x86/mm: Checked W+X mappings: passed, no W+X pages found.
Loading, please wait...
starting version 237
[   17.054503] e1000: Intel(R) PRO/1000 Network Driver - version 7.3.21-k8-NAPI
[   17.074773] e1000: Copyright (c) 1999-2006 Intel Corporation.
[   17.078684] Fusion MPT base driver 3.04.20
[   17.082664] Copyright (c) 1999-2008 LSI Corporation
[   17.106546] AVX2 version of gcm_enc/dec engaged.
[   17.177378] AES CTR mode by8 optimization enabled
[   17.203192] Fusion MPT SPI Host driver 3.04.20
[   17.317518] input: ImExPS/2 Generic Explorer Mouse as /devices/platform/i8042/serio1/input/input4
[   17.692209] e1000 0000:00:03.0 eth0: (PCI:33MHz:32-bit) 02:34:fa:f7:2e:8d
[   17.900885] e1000 0000:00:03.0 eth0: Intel(R) PRO/1000 Network Connection
[   17.992873] mptbase: ioc0: Initiating bringup
[   18.180775] ioc0: LSI53C1030 A0: Capabilities={Initiator}
[   18.464861] scsi host2: ioc0: LSI53C1030 A0, FwRev=00000000h, Ports=1, MaxQ=256, IRQ=20
[   18.669078] scsi 2:0:0:0: Direct-Access     VBOX     HARDDISK         1.0  PQ: 0 ANSI: 5
[   18.708379] scsi target2:0:0: Beginning Domain Validation
[   18..20159] scsi target2:0:0: Domain Validation skipping write tests
[   18.730050] scsi target2:0:0: Ending Domain Validation
[   18.732209] scsi target2:0:0: asynchronous
[   18.735751] scsi 2:0:1:0: Direct-Access     VBOX     HARDDISK         1.0  PQ: 0 ANSI: 5
[   19.072579] scsi target2:0:1: Beginning Domain Validation
[   19.095291] random: fast init done
[   19.291987] scsi target2:0:1: Domain Validation skipping write tests
[   19.314401] scsi target2:0:1: Ending Domain Validation
[   19.316620] scsi target2:0:1: asynchronous
[   19.318890] random: systemd-udevd: uninitialized urandom read (16 bytes read)
[   19.318911] random: systemd-udevd: uninitialized urandom read (16 bytes read)
[   19.318915] random: systemd-udevd: uninitialized urandom read (16 bytes read)
[   19.318971] random: systemd-udevd: uninitialized urandom read (16 bytes read)
[   19.318981] random: systemd-udevd: uninitialized urandom read (16 bytes read)
[   19.318986] random: systemd-udevd: uninitialized urandom read (16 bytes read)
[   19.319025] random: systemd-udevd: uninitialized urandom read (16 bytes read)
[   19.319035] random: systemd-udevd: uninitialized urandom read (16 bytes read)
[   19.319038] random: systemd-udevd: uninitialized urandom read (16 bytes read)
[   19.319145] e1000 0000:00:08.0 eth1: (PCI:33MHz:32-bit) 08:00:27:ca:0e:28
[   19.319150] e1000 0000:00:08.0 eth1: Intel(R) PRO/1000 Network Connection
[   19.319189] random: systemd-udevd: uninitialized urandom read (16 bytes read)
[   19.334145] e1000 0000:00:08.0 enp0s8: renamed from eth1
[   19.548793] sd 2:0:0:0: Attached scsi generic sg0 type 0
[   19.554988] sd 2:0:1:0: Attached scsi generic sg1 type 0
[   19.555526] e1000 0000:00:03.0 enp0s3: renamed from eth0
[   19.555949] sd 2:0:1:0: [sdb] 20480 512-byte logical blocks: (10.5 MB/10.0 MiB)
[   19.556015] sd 2:0:1:0: [sdb] Write Protect is off
[   19.556196] sd 2:0:1:0: [sdb] Incomplete mode parameter data
[   19.556197] sd 2:0:1:0: [sdb] Assuming drive cache: write through
[   19.559508] sd 2:0:1:0: [sdb] Attached SCSI disk
[   19.571718] sd 2:0:0:0: [sda] 20971520 512-byte logical blocks: (10.7 GB/10.0 GiB)
[   19.571840] sd 2:0:0:0: [sda] Write Protect is off
[   19.572161] sd 2:0:0:0: [sda] Incomplete mode parameter data
[   19.572163] sd 2:0:0:0: [sda] Assuming drive cache: write through
[   19.573544]  sda: sda1
[   19.574443] sd 2:0:0:0: [sda] Attached SCSI disk
Begin: Loading essential drivers ... [   21.316250] raid6: sse2x1   gen()  8034 MB/s
[   21.432204] raid6: sse2x1   xor()  5837 MB/s
[   21.544240] raid6: sse2x2   gen()  9625 MB/s
[   21.628032] raid6: sse2x2   xor()  6617 MB/s
[   21.728202] raid6: sse2x4   gen() 11943 MB/s
[   21.832244] raid6: sse2x4   xor()  7378 MB/s
[   21.936233] raid6: avx2x1   gen() 16975 MB/s
[   21.996272] raid6: avx2x1   xor() 10998 MB/s
[   22.088189] raid6: avx2x2   gen() 19333 MB/s
[   22.176216] raid6: avx2x2   xor() 10185 MB/s
[   22.256466] raid6: avx2x4   gen()  6149 MB/s
[   22.352046] raid6: avx2x4   xor() 13164 MB/s
[   22.362117] raid6: using algorithm avx2x2 gen() 19333 MB/s
[   22.416799] raid6: .... xor() 10185 MB/s, rmw enabled
[   22.484635] raid6: using avx2x2 recovery algorithm
[   22.523075] xor: automatically using best checksumming function   avx       
[   22.610546] async_tx: api initialized (async)
done.
Begin: Running /scripts/init-p[   22.756234] Btrfs loaded, crc32c=crc32c-intel
remount ... done.
Begin: Mounting root file system ... Begin: Running /scripts/local-top ... done.
Begin: Runn[   22.878529] EXT4-fs (sda1): INFO: recovery required on readonly filesystem
ing /scripts/loc[   22.977333] EXT4-fs (sda1): write access will be enabled during recovery
al-premount ... Scanning for Btrfs filesystems
done.
Warning: fsck not present, so skipping root file system
[   23.124301] EXT4-fs (sda1): recovery complete
[   23.146078] EXT4-fs (sda1): mounted filesystem with ordered data mode. Opts: (null)
done.
Begin: Running /scripts/local-bottom ... done.
Begin: Running /scripts/init-bottom ... done.
[   23.758753] ip_tables: (C) 2000-2006 Netfilter Core Team
[   23.929542] systemd[1]: systemd 237 running in system mode. (+PAM +AUDIT +SELINUX +IMA +APPARMOR +SMACK +SYSVINIT +UTMP +LIBCRYPTSETUP +GCRYPT +GNUTLS +ACL +XZ +LZ4 +SECCOMP +BLKID +ELFUTILS +KMOD -IDN2 +IDN -PCRE2 default-hierarchy=hybrid)
[   24.257879] systemd[1]: Detected virtualization oracle.
[   24.259546] systemd[1]: Detected architecture x86-64.

Welcome to [1mUbuntu 18.04 LTS[0m!

[   24.329552] systemd[1]: Set hostname to <ubuntu-bionic>.
[   24.930415] systemd[1]: Started Forward Password Requests to Wall Directory Watch.
[[0;32m  OK  [0m] Started Forward Password Requests to Wall Directory Watch.
[   25.809734] systemd[1]: Created slice System Slice.
[[0;32m  OK  [[   26.821263] random: crng init done
0m] Created slice System Slice.
[   26.958379] systemd[1]: Listening on udev Control Socket.
[[0;32m  OK  [0m] Listening on udev Control Socket.
[   28.332663] systemd[1]: Listening on Network Service Netlink Socket.
[[0;32m  OK  [0m] Listening on Network Service Netlink Socket.
[   29.818025] systemd[1]: Created slice system-serial\x2dgetty.slice.
[[0;32m  OK  [0m] Created slice system-serial\x2dgetty.slice.
[   31.235365] systemd[1]: Listening on Journal Audit Socket.
[[0;32m  OK  [0m] Listening on Journal Audit Socket.
[   32.225140] systemd[1]: Set up automount Arbitrary Executable File Formats File System Automount Point.
[[0;32m  OK  [0m] Set up automount Arbitrary Executab…rmats File System Automount Point.
[   33.589489] systemd[1]: Reached target User and Group Name Lookups.
[[0;32m  OK  [0m] Reached target User and Group Name Lookups.
[   33.864878] systemd[1]: Listening on Journal Socket (/dev/log).
[[0;32m  OK  [0m] Listening on Journal Socket (/dev/log).
[   34.099181] systemd[1]: Listening on Syslog Socket.
[[0;32m  OK  [0m] Listening on Syslog Socket.
[   34.256365] systemd[1]: Reached target System Time Synchronized.
[[0;32m  OK  [0m] Reached target System Time Synchronized.
[   34.312835] systemd[1]: Listening on /dev/initctl Compatibility Named Pipe.
[[0;32m  OK  [0m] Listening on /dev/initctl Compatibility Named Pipe.
[   34.392665] systemd[1]: Listening on LVM2 poll daemon socket.
[[0;32m  OK  [0m] Listening on LVM2 poll daemon socket.
[   34.452537] systemd[1]: Reached target Swap.
[[0;32m  OK  [0m] Reached target Swap.
[[0;32m  OK  [0m] Listening on Journal Socket.
         Mounting Huge Pages File System...
         Starting Set the console keyboard layout...
         Starting Uncomplicated firewall...
         Starting Remount Root and Kernel File Systems...[   34.562772] EXT4-fs (sda1): re-mounted. Opts: (null)

         Mounting Kernel Debug File System...
         Starting Create list of required st…ce nodes for the current kernel...
         Starting Load Ke[   34.793987] Loading iSCSI transport class v2.0-870.
rnel Modules...
[   34.831496] systemd[1]: Starting Journal Service...
         [   34.843129] iscsi: registered transport (tcp)
Starting Journal Service...
[   34.880233] systemd[1]: Listening on udev Kernel Socket.
[[0;32m  OK  [0m] Listening on udev Kernel Socket.
[   35.003444] iscsi: registered transport (iser)
[   35.025965] systemd[1]: Starting udev Coldplug all Devices...
         Starting udev Coldplug all Devices...
[   35.057384] systemd[1]: Listening on Device-mapper event daemon FIFOs.
[[0;32m  OK  [0m] Listening on Device-mapper event daemon FIFOs.
[   35.086459] systemd[1]: Created slice User and Session Slice.
[[0;32m  OK  [0m] Created slice User and Session Slice.
[   35.120693] systemd[1]: Reached target Slices.
[[0;32m  OK  [0m] Reached target Slices.
[   35.173821] systemd[1]: Mounting POSIX Message Queue File System...
         Mounting POSIX Message Queue File System...
[   35.228813] systemd[1]: Listening on LVM2 metadata daemon socket.
[[0;32m  OK  [0m] Listening on LVM2 metadata daemon socket.
[   35.252763] systemd[1]: Starting Monitoring of LVM2 mirrors, snapshots etc. using dmeventd or progress polling...
         Starting Monitoring of LVM2 mirrors…ng dmeventd or progress polling...
[   35.358966] systemd[1]: Started Journal Service.
[[0;32m  OK  [0m] Started Journal Service.
[[0;32m  OK  [0m] Mounted Huge Pages File System.
[[0;32m  OK  [0m] Started Set the console keyboard layout.
[[0;32m  OK  [0m] Started Uncomplicated firewall.
[[0;32m  OK  [0m] Started Remount Root and Kernel File Systems.
[[0;32m  OK  [0m] Mounted Kernel Debug File System.
[[0;32m  OK  [0m] Started Create list of required sta…vice nodes for the current kernel.
[[0;32m  OK  [0m] Started Load Kernel Modules.
[[0;32m  OK  [0m] Mounted POSIX Message Queue File System.
[[0;32m  OK  [0m] Started LVM2 metadata daemon.
         Starting Apply Kernel Variables...
         Mounting Kernel Configuration File System...
         Mounting FUSE Control File System...
         Starting Create Static Device Nodes in /dev...
         Starting Load/Save Random Seed...
         Starting Initial cloud-init job (pre-networking)...
         Starting Flush Journal to Persistent Storage...
[[0;32m  OK  [0m] Started Monitoring of LVM2 mirrors,…sing dmeventd or progress polling.
[[0;32m  OK  [0m] Started udev Coldplug all Devices.
[[0;32m  OK  [0m] Started Apply Kernel Variables.
[[0;32m  OK  [0m] Mounted Kernel Configuration File System.
[[0;32m  OK  [0m] Mounted FUSE Control File System.
[[0;32m  OK  [0m] Started Create Static Device Nodes in /dev.
[[0;32m  OK  [0m] Started Load/Save Random Seed.
         Starting udev Kernel Device Manager...
[[0;32m  OK  [0m] Reached target Local File Systems (Pre).
[[0;32m  OK  [0m] Reached target Local File Systems.
         Starting AppArmor initialization...
         Starting ebtables ruleset management...
         Starting Set console font and keymap...
         Starting Tell Plymouth To Write Out Runtime Data...
[[0;32m  OK  [0m] Started udev Kernel Device Manager.
[[0;32m  OK  [0m] Started Set console font and keymap.
[[0;32m  OK  [0m] Started Tell Plymouth To Write Out Runtime Data.
[[0;32m  OK  [0m] Started Dispatch Password Requests to Console Directory Watch.
[[0;32m  OK  [0m] Reached target Local Encrypted Volumes.
[[0;32m  OK  [0m] Started Flush Journal to Persistent Storage.
[[0;32m  OK  [0m] Started ebtables ruleset management.
[[0;32m  OK  [0m] Found device /dev/ttyS0.
         Starting Create Volatile Files and Directories...
[[0;32m  OK  [0m] Started Create Volatile Files and Directories.
         Starting Update UTMP about System Boot/Shutdown...
[[0;32m  OK  [0m] Listening on Load/Save RF Kill Switch Status /dev/rfkill Watch.
[[0;32m  OK  [0m] Started Update UTMP about System Boot/Shutdown.
[[0;32m  OK  [0m] Started AppArmor initialization.
[   39.099718] cloud-init[421]: Cloud-init v. 18.2 running 'init-local' at Mon, 20 Aug 2018 08:14:57 +0000. Up 38.81 seconds.
[[0;32m  OK  [0m] Started Initial cloud-init job (pre-networking).
[[0;32m  OK  [0m] Reached target Network (Pre).
         Starting Network Service...
[[0;32m  OK  [0m] Started Network Service.
         Starting Wait for Network to be Configured...
         Starting Network Name Resolution...
[[0;32m  OK  [0m] Started Network Name Resolution.
[[0;32m  OK  [0m] Reached target Host and Network Name Lookups.
[[0;32m  OK  [0m] Reached target Network.
[[0;32m  OK  [0m] Started Wait for Network to be Configured.
         Starting Initial cloud-init job (metadata service crawler)...
[   42.236348] cloud-init[647]: Cloud-init v. 18.2 running 'init' at Mon, 20 Aug 2018 08:15:00 +0000. Up 41.46 seconds.
[   42.276651] cloud-init[647]: ci-info: ++++++++++++++++++++++++++++++++++++++Net device info++++++++++++++++++++++++++++++++++++++
[   42.317343] cloud-init[647]: ci-info: +--------+------+----------------------------+---------------+--------+-------------------+
[   42.358738] cloud-init[647]: ci-info: | Device |  Up  |          Address           |      Mask     | Scope  |     Hw-Address    |
[[0;32m  OK  [0m] Started Initial cloud-init job (metadata service crawler).
[   42.449663] [cloud-init[0;32m  OK  [0m[647]: ] ci-info: +--------+------+----------------------------+---------------+--------+-------------------+Reached target Cloud-config availability.

[[0;32m  OK  [0m] Reached target System Initialization.
[   42.528310] cloud-init[647]: ci-info: | enp0s3 | True |         10.0.2.15          | 255.255.255.0 | global | 02:34:fa:f7:2e:8d |
         Starting LXD - unix socket.
[[0;32m  OK  [0m] Listening on ACPID Listen Socket.
[[0;32m  OK  [0m] Listening on D-Bus System Message Bus Socket.
[   42.582724] cloud-init[647]: ci-info: | enp0s3 | True | fe80::34:faff:fef7:2e8d/64 |       .       |  link  | 02:34:fa:f7:2e:8d |
[   42.727557] cloud-init[647]: ci-info: | enp0s8 | True |       192.168.33.10        | 255.255.255.0 | global | 08:00:27:ca:0e:28 |
[   42.840475] cloud-init[647]: ci-info: | enp0s8 | True | fe80::a00:27ff:feca:e28/64 |       .       |  link  | 08:00:27:ca:0e:28 |
         Starting Socket activation for snappy daemon.
[[0;32m  OK  [0m] Started Daily Cleanup of Temporary Directories.
[   42.880705] cloud-init[647]: ci-info: |   lo   | True |         127.0.0.1          |   255.0.0.0   |  host  |         .         |
[   42.992869] cloud-init[647]: ci-info: |   lo   | True |          ::1/128           |       .       |  host  |         .         |
[[0;32m  OK  [0m] Started ACPI Events Check.
[[0;32m  OK  [0m] Reached target Paths.
[   43.043780] cloud-init[647]: ci-info: +--------+------+----------------------------+---------------+--------+-------------------+
[   43.113060] cloud-init[647]: ci-info: +++++++++++++++++++++++++++++Route IPv4 info+++++++++++++++++++++++++++++
[   43.148693] cloud-init[647]: ci-info: +-------+--------------+----------+-----------------+-----------+-------+
[[0;32m  OK  [0m] Started Discard unused blocks once a week.
[[0;32m  OK  [0m] Listening on UUID daemon activation socket.
[[0;32m  OK  [0m] Started Message of the Day.
[   43.231118] cloud-init[647]: ci-info: | Route | Destination  | Gateway  |     Genmask     | Interface | Flags |
[   43.392986] cloud-init[647]: ci-info: +-------+--------------+----------+-----------------+-----------+-------+
[   43.407195] cloud-init[647]: ci-info: |   0   |   0.0.0.0    | 10.0.2.2 |     0.0.0.0     |   enp0s3  |   UG  |
[[0;32m  OK  [0m] Started Daily apt download activities.
[[0;32m  OK  [0m] Started Daily apt upgrade and clean activities.
[[0;32m  OK  [0m] Reached target Timers.
[   43.432099] cloud-init[647]: ci-info: |   1   |   10.0.2.0   | 0.0.0.0  |  255.255.255.0  |   enp0s3  |   U   |
[   43.565292] cloud-init[647]: ci-info: |   2   |   10.0.2.2   | 0.0.0.0  | 255.255.255.255 |   enp0s3  |   UH  |
[   43.644715] cloud-init[647]: ci-info: |   3   | 192.168.33.0 | 0.0.0.0  |  255.255.255.0  |   enp0s8  |   U   |
[[0;32m  OK  [0m] Reached target Network is Online.
[   43.695237] cloud-init[647]: ci-info: +-------+--------------+----------+-----------------+-----------+-------+
         Starting iSCSI initiator daemon (iscsid)...
[[0;32m  OK  [0m] Listening on LXD - unix socket.
[[0;32m  OK  [0m] Listening on Socket activation for snappy daemon.
[   43.799429] cloud-init[647]: ci-info: +++++++++++++++++++Route IPv6 info+++++++++++++++++++
[[0;32m  OK  [0m] Reached target Sockets.
[[0;32m  OK  [0m] Reached target Basic System.
[   43.938282] cloud-init[647]: ci-info: +-------+-------------+---------+-----------+-------+
[[0;32m  OK  [0m] Started D-Bus System Message Bus.
[   44.030533] cloud-init[647]: ci-info: | Route | Destination | Gateway | Interface | Flags |
[[0;32m  OK  [0m] Started Deferred execution scheduler.
[   44.073653] cloud-init[647]: ci-info: +-------+-------------+---------+-----------+-------+
[[0;32m  OK  [0m] Started Regular background program processing daemon.
[   44.133207] cloud-init[[0;32m  OK  [0m] Started irqbalance daemon.
         Starting Accounts Service...
[647]: ci-info: |   1   |  fe80::/64  |    ::   |   enp0s8  |   U   |
         Starting Login Service...
[   44.193370] cloud-init[647]: ci-info: |   2   |  fe80::/64  |    ::   |   enp0s3  |   U   |
[[0;32m  OK  [0m] Started FUSE filesystem for LXC.
[   44.210712] cloud-init[647]: ci-info: |   4   |    local    |    ::   |   enp0s3  |   U   |
         Starting vboxadd.service...
[   44.254699] cloud-init[647]: ci-info: |   5   |    local    |    ::   |   enp0s8  |   U   |
         Starting System Logging Service...
[   44.389424] cloud-init[647]: ci-info: |   6   |   ff00::/8  |    ::   |   enp0s8  |   U   |
         Starting OpenBSD Secure Shell server...
[   44.468383] cloud-init[647]: ci-info: |   7   |   ff00::/8  |    ::   |   enp0s3  |   U   |
         Starting Apply the settings specified in cloud-config...
[   44.519808] cloud-init[647]: ci-info: +-------+-------------+---------+-----------+-------+
         Starting Snappy daemon...
         Starting LSB: Record successful boot for GRUB...
         Starting Dispatcher daemon for systemd-networkd...
[[0;32m  OK  [0m] Started Unattended Upgrades Shutdown.
         Starting LXD - container startup/shutdown...
[[0;32m  OK  [0m] Started System Logging Service.
[[0;32m  OK  [0m] Started iSCSI initiator daemon (iscsid).
[[0;32m  OK  [0m] Started Login Service.
         Starting Authorization Manager...
[[0;32m  OK  [0m] Reached target Remote File Systems (Pre).
[[0;32m  OK  [0m] Reached target Remote File Systems.
         Starting LSB: automatic crash report generation...
         Starting Permit User Sessions...
         Starting Availability of block devices...
[[0;32m  OK  [0m] Started OpenBSD Secure Shell server.
[[0;32m  OK  [0m] Started LSB: Record successful boot for GRUB.
[[0;32m  OK  [0m] Started Snappy daemon.
[[0;32m  OK  [0m] Started Permit User Sessions.
[[0;32m  OK  [0m] Started Availability of block devices.
[[0;32m  OK  [0m] Started Authorization Manager.
[[0;32m  OK  [0m] Started Accounts Service.
         Starting Terminate Plymouth Boot Screen...
         Starting Hold until boot process finishes up...
         Starting Wait until snapd is fully seeded...
[[0;32m  OK  [0m] Started Terminate Plymouth Boot Screen.
[[0;32m  OK  [0m] Started Hold until boot process finishes up.
         Starting Set console scheme...
[[0;32m  OK  [0m] Started Serial Getty on ttyS0.
[[0;32m  OK  [0m] Started Set console scheme.
[[0;32m  OK  [0m] Started Wait until snapd is fully seeded.
[[0;32m  OK  [0m] Started LSB: automatic crash report generation.
[[0;32m  OK  [0m] Started LXD - container startup/shutdown.
[[0;32m  OK  [0m] Created slice system-getty.slice.
[[0;32m  OK  [0m] Started Getty on tty1.
[[0;32m  OK  [0m] Reached target Login Prompts.
[[0;32m  OK  [0m] Created slice User Slice of vagrant.
         Starting User Manager for UID 1000...
[[0;32m  OK  [0m] Started Session 1 of user vagrant.
[[0;32m  OK  [0m] Started vboxadd.service.
[[0;32m  OK  [0m] Started Dispatcher daemon for systemd-networkd.
[[0;32m  OK  [0m] Started User Manager for UID 1000.
         Starting vboxadd-service.service...
[[0;32m  OK  [0m] Started vboxadd-service.service.
[[0;32m  OK  [0m] Reached target Multi-User System.
[[0;32m  OK  [0m] Reached target Graphical Interface.
         Starting Update UTMP about System Runlevel Changes...
[[0;32m  OK  [0m] Started Update UTMP about System Runlevel Changes.
[   46.789278] cloud-init[858]: Cloud-init v. 18.2 running 'modules:config' at Mon, 20 Aug 2018 08:15:05 +0000. Up 46.53 seconds.
[[0;32m  OK  [0m] Started Apply the settings specified in cloud-config.
         Starting Execute cloud user/final scripts...
[   48.063097] cloud-init[1129]: Cloud-init v. 18.2 running 'modules:final' at Mon, 20 Aug 2018 08:15:06 +0000. Up 47.78 seconds.
[   48.145176] cloud-init[1129]: Cloud-init v. 18.2 finished at Mon, 20 Aug 2018 08:15:07 +0000. Datasource DataSourceNoCloud [seed=/dev/sdb][dsmode=net].  Up 48.05 seconds
[[0;32m  OK  [0m] Started Execute cloud user/final scripts.
[[0;32m  OK  [0m] Reached target Cloud-init target.

Ubuntu 18.04 LTS ubuntu-bionic ttyS0

ubuntu-bionic login: 